<?xml version="1.0" encoding="UTF-8"?>
<testng-results ignored="0" total="7" passed="7" failed="0" skipped="0">
  <reporter-output>
  </reporter-output>
  <suite started-at="2023-11-09T18:52:50 IST" name="Suite" finished-at="2023-11-09T18:52:50 IST" duration-ms="52">
    <groups>
    </groups>
    <test started-at="2023-11-09T18:52:50 IST" name="Test" finished-at="2023-11-09T18:52:50 IST" duration-ms="52">
      <class name="eshop.Product">
        <test-method signature="addToCart()[pri:0, instance:eshop.Product@6b81ce95]" started-at="2023-11-09T18:52:50 IST" name="addToCart" finished-at="2023-11-09T18:52:50 IST" duration-ms="1" status="PASS">
          <reporter-output>
          </reporter-output>
        </test-method> <!-- addToCart -->
        <test-method signature="addToWishList()[pri:0, instance:eshop.Product@6b81ce95]" started-at="2023-11-09T18:52:50 IST" name="addToWishList" finished-at="2023-11-09T18:52:50 IST" duration-ms="1" status="PASS">
          <reporter-output>
          </reporter-output>
        </test-method> <!-- addToWishList -->
        <test-method signature="removeFromCArt()[pri:0, instance:eshop.Product@6b81ce95]" started-at="2023-11-09T18:52:50 IST" name="removeFromCArt" finished-at="2023-11-09T18:52:50 IST" duration-ms="1" status="PASS">
          <reporter-output>
          </reporter-output>
        </test-method> <!-- removeFromCArt -->
        <test-method signature="searchProduct()[pri:0, instance:eshop.Product@6b81ce95]" started-at="2023-11-09T18:52:50 IST" name="searchProduct" finished-at="2023-11-09T18:52:50 IST" duration-ms="1" status="PASS">
          <reporter-output>
          </reporter-output>
        </test-method> <!-- searchProduct -->
      </class> <!-- eshop.Product -->
      <class name="eshop.User">
        <test-method signature="createAccount()[pri:0, instance:eshop.User@294425a7]" started-at="2023-11-09T18:52:50 IST" name="createAccount" finished-at="2023-11-09T18:52:50 IST" duration-ms="8" status="PASS">
          <reporter-output>
          </reporter-output>
        </test-method> <!-- createAccount -->
        <test-method signature="login()[pri:0, instance:eshop.User@294425a7]" started-at="2023-11-09T18:52:50 IST" name="login" finished-at="2023-11-09T18:52:50 IST" duration-ms="1" status="PASS">
          <reporter-output>
          </reporter-output>
        </test-method> <!-- login -->
        <test-method signature="logout()[pri:0, instance:eshop.User@294425a7]" started-at="2023-11-09T18:52:50 IST" name="logout" finished-at="2023-11-09T18:52:50 IST" duration-ms="1" status="PASS">
          <reporter-output>
          </reporter-output>
        </test-method> <!-- logout -->
      </class> <!-- eshop.User -->
    </test> <!-- Test -->
  </suite> <!-- Suite -->
</testng-results>
