<?xml version="1.0" encoding="UTF-8"?>
<testng-results ignored="0" total="3" passed="3" failed="0" skipped="0">
  <reporter-output>
  </reporter-output>
  <suite started-at="2023-11-28T19:24:39 IST" name="Suite" finished-at="2023-11-28T19:24:50 IST" duration-ms="10200">
    <groups>
    </groups>
    <test started-at="2023-11-28T19:24:39 IST" name="Test1" finished-at="2023-11-28T19:24:42 IST" duration-ms="2485">
      <class name="crossbrowser.BrowserTeset">
        <test-method signature="test(java.lang.String)[pri:0, instance:crossbrowser.BrowserTeset@5b239d7d]" started-at="2023-11-28T19:24:39 IST" name="test" finished-at="2023-11-28T19:24:42 IST" duration-ms="2446" status="PASS">
          <params>
            <param index="0">
              <value>
                <![CDATA[chrome]]>
              </value>
            </param>
          </params>
          <reporter-output>
          </reporter-output>
        </test-method> <!-- test -->
      </class> <!-- crossbrowser.BrowserTeset -->
    </test> <!-- Test1 -->
    <test started-at="2023-11-28T19:24:42 IST" name="Test2" finished-at="2023-11-28T19:24:46 IST" duration-ms="4406">
      <class name="crossbrowser.BrowserTeset">
        <test-method signature="test(java.lang.String)[pri:0, instance:crossbrowser.BrowserTeset@2a4fb17b]" started-at="2023-11-28T19:24:42 IST" name="test" finished-at="2023-11-28T19:24:46 IST" duration-ms="4403" status="PASS">
          <params>
            <param index="0">
              <value>
                <![CDATA[ff]]>
              </value>
            </param>
          </params>
          <reporter-output>
          </reporter-output>
        </test-method> <!-- test -->
      </class> <!-- crossbrowser.BrowserTeset -->
    </test> <!-- Test2 -->
    <test started-at="2023-11-28T19:24:46 IST" name="Test3" finished-at="2023-11-28T19:24:50 IST" duration-ms="3277">
      <class name="crossbrowser.BrowserTeset">
        <test-method signature="test(java.lang.String)[pri:0, instance:crossbrowser.BrowserTeset@6f1de4c7]" started-at="2023-11-28T19:24:46 IST" name="test" finished-at="2023-11-28T19:24:50 IST" duration-ms="3271" status="PASS">
          <params>
            <param index="0">
              <value>
                <![CDATA[edge]]>
              </value>
            </param>
          </params>
          <reporter-output>
          </reporter-output>
        </test-method> <!-- test -->
      </class> <!-- crossbrowser.BrowserTeset -->
    </test> <!-- Test3 -->
  </suite> <!-- Suite -->
</testng-results>
