<?xml version="1.0" encoding="UTF-8"?>
<!-- Generated by org.testng.reporters.JUnitXMLReporter -->
<testsuite ignored="2" hostname="DESKTOP-S4VQME9" failures="0" tests="1" name="Default test" time="0.078" errors="0" timestamp="2023-11-25T18:23:32 IST">
  <testcase classname="eshop.User" name="createAccount" time="0.013"/>
  <testcase classname="eshop.User" name="logout" time="0.0">
    <ignored/>
  </testcase> <!-- logout -->
  <testcase classname="eshop.User" name="login" time="0.0">
    <ignored/>
  </testcase> <!-- login -->
</testsuite> <!-- Default test -->
