<?xml version="1.0" encoding="UTF-8"?>
<!-- Generated by org.testng.reporters.JUnitXMLReporter -->
<testsuite ignored="0" hostname="DESKTOP-S4VQME9" failures="0" tests="4" name="Default test" time="0.046" errors="0" timestamp="2023-11-09T18:48:20 IST">
  <testcase classname="eshop.Payment" name="COD" time="0.008"/>
  <testcase classname="eshop.Payment" name="UPI" time="0.001"/>
  <testcase classname="eshop.Payment" name="creaditCard" time="0.001"/>
  <testcase classname="eshop.Payment" name="debitCard" time="0.001"/>
</testsuite> <!-- Default test -->
