<?xml version="1.0" encoding="UTF-8"?>
<!-- Generated by org.testng.reporters.JUnitXMLReporter -->
<testsuite ignored="0" hostname="DESKTOP-S4VQME9" failures="0" tests="7" name="Test" time="0.052" errors="0" timestamp="2023-11-09T18:52:50 IST">
  <testcase classname="eshop.User" name="createAccount" time="0.008"/>
  <testcase classname="eshop.User" name="login" time="0.001"/>
  <testcase classname="eshop.User" name="logout" time="0.001"/>
  <testcase classname="eshop.Product" name="addToCart" time="0.001"/>
  <testcase classname="eshop.Product" name="addToWishList" time="0.001"/>
  <testcase classname="eshop.Product" name="removeFromCArt" time="0.001"/>
  <testcase classname="eshop.Product" name="searchProduct" time="0.001"/>
</testsuite> <!-- Test -->
