<?xml version="1.0" encoding="UTF-8"?>
<!-- Generated by org.testng.reporters.JUnitXMLReporter -->
<testsuite ignored="8" hostname="DESKTOP-S4VQME9" failures="0" tests="3" name="Test2" time="0.014" errors="0" timestamp="2023-11-25T18:28:07 IST">
  <testcase classname="eshop.User" name="createAccount" time="0.002"/>
  <testcase classname="eshop.Product" name="addToWishList" time="0.002"/>
  <testcase classname="eshop.Payment" name="COD" time="0.002"/>
  <testcase classname="eshop.Product" name="searchProduct" time="0.0">
    <ignored/>
  </testcase> <!-- searchProduct -->
  <testcase classname="eshop.Payment" name="UPI" time="0.0">
    <ignored/>
  </testcase> <!-- UPI -->
  <testcase classname="eshop.Payment" name="creaditCard" time="0.0">
    <ignored/>
  </testcase> <!-- creaditCard -->
  <testcase classname="eshop.User" name="login" time="0.0">
    <ignored/>
  </testcase> <!-- login -->
  <testcase classname="eshop.Payment" name="debitCard" time="0.0">
    <ignored/>
  </testcase> <!-- debitCard -->
  <testcase classname="eshop.Product" name="addToCart" time="0.0">
    <ignored/>
  </testcase> <!-- addToCart -->
  <testcase classname="eshop.User" name="logout" time="0.0">
    <ignored/>
  </testcase> <!-- logout -->
  <testcase classname="eshop.Product" name="removeFromCArt" time="0.0">
    <ignored/>
  </testcase> <!-- removeFromCArt -->
</testsuite> <!-- Test2 -->
